\BOOKMARK [1][-]{section.1}{\376\377\000R\000e\000s\000u\000m\000e\000n\000\040\000P\000a\000r\000c\000i\000a\000l\000\040\0002}{}% 1
\BOOKMARK [2][-]{subsection.1.1}{\376\377\000T\000\351\000c\000n\000i\000c\000a\000s\000\040\000d\000e\000\040\000d\000e\000r\000i\000v\000a\000c\000i\000\363\000n\000\040\000d\000e\000\040\000I\000n\000v\000a\000r\000i\000a\000n\000t\000e\000s}{section.1}% 2
\BOOKMARK [2][-]{subsection.1.2}{\376\377\000A\000r\000r\000e\000g\000l\000o\000s}{section.1}% 3
\BOOKMARK [2][-]{subsection.1.3}{\376\377\000P\000r\000o\000c\000e\000d\000i\000m\000i\000e\000n\000t\000o\000s}{section.1}% 4
\BOOKMARK [2][-]{subsection.1.4}{\376\377\000F\000u\000n\000c\000i\000o\000n\000e\000s}{section.1}% 5
\BOOKMARK [1][-]{section.2}{\376\377\000D\000e\000r\000i\000v\000a\000c\000i\000\363\000n\000\040\000d\000e\000\040\000I\000n\000v\000a\000r\000i\000a\000n\000t\000e\000s}{}% 6
\BOOKMARK [2][-]{subsection.2.1}{\376\377\000E\000j\000e\000r\000c\000i\000c\000i\000o\000s\000\040\000s\000e\000c\000c\000i\000\363\000n\000\040\0004\000.\0003\000\040\000K\000a\000l\000d\000e\000w\000a\000i\000j}{section.2}% 7
\BOOKMARK [3][-]{subsubsection.2.1.1}{\376\377\000E\000j\000e\000r\000c\000i\000c\000i\000o\000\040\0000}{subsection.2.1}% 8
\BOOKMARK [3][-]{subsubsection.2.1.2}{\376\377\000E\000j\000e\000r\000c\000i\000c\000i\000o\000\040\0004}{subsection.2.1}% 9
\BOOKMARK [2][-]{subsection.2.2}{\376\377\000P\000a\000r\000c\000i\000a\000l\000\040\0002\000\040\000E\000n\000e\000-\000M\000a\000r\000\040\0002\0000\0002\0005}{section.2}% 10
\BOOKMARK [3][-]{subsubsection.2.2.1}{\376\377\000E\000j\000e\000r\000c\000i\000c\000i\000o\000\040\0004}{subsection.2.2}% 11
\BOOKMARK [2][-]{subsection.2.3}{\376\377\000T\000a\000r\000e\000a\000\040\0006\000\040\0002\0000\0001\0005}{section.2}% 12
\BOOKMARK [3][-]{subsubsection.2.3.1}{\376\377\000E\000j\000e\000r\000c\000i\000c\000i\000o\000\040\0001\000-\000b}{subsection.2.3}% 13
\BOOKMARK [3][-]{subsubsection.2.3.2}{\376\377\000E\000j\000e\000r\000c\000i\000c\000i\000o\000\040\0001\000-\000c}{subsection.2.3}% 14
\BOOKMARK [3][-]{subsubsection.2.3.3}{\376\377\000E\000j\000e\000r\000c\000i\000c\000i\000o\000\040\0001\000-\000f}{subsection.2.3}% 15
\BOOKMARK [1][-]{section.3}{\376\377\000M\000a\000t\000r\000\355\000c\000e\000s}{}% 16
\BOOKMARK [2][-]{subsection.3.1}{\376\377\000E\000j\000e\000r\000c\000i\000c\000i\000o\000s\000\040\000P\000r\000o\000f\000.\000\040\000C\000h\000a\000n\000g}{section.3}% 17
\BOOKMARK [3][-]{subsubsection.3.1.1}{\376\377\000E\000j\000e\000r\000c\000i\000c\000i\000o\000\040\0005\000:\000\040\000I\000t\000e\000r\000a\000c\000i\000\363\000n\000\040\000e\000n\000\040\000m\000a\000t\000r\000i\000c\000e\000s\000.\000\040\000R\000e\000c\000o\000r\000r\000i\000d\000o\000s}{subsection.3.1}% 18
\BOOKMARK [3][-]{subsubsection.3.1.2}{\376\377\000E\000j\000e\000r\000c\000i\000c\000i\000o\000\040\0006\000:\000\040\000R\000e\000c\000o\000r\000r\000i\000d\000o\000\040\000e\000n\000\040\000A\000r\000r\000e\000g\000l\000o\000s\000\040\000y\000\040\000M\000a\000t\000r\000\355\000c\000e\000s\000,\000\040\000P\000r\000o\000c\000e\000d\000i\000m\000i\000e\000n\000t\000o\000s\000\040\000y\000\040\000F\000u\000n\000c\000i\000o\000n\000e\000s\000.}{subsection.3.1}% 19
\BOOKMARK [2][-]{subsection.3.2}{\376\377\000E\000j\000e\000r\000c\000i\000c\000i\000o\000s\000\040\000T\000a\000r\000e\000a\000\040\0003\000\040\000S\000e\000p\000-\000D\000i\000c\000\040\0002\0000\0001\0003}{section.3}% 20
\BOOKMARK [3][-]{subsubsection.3.2.1}{\376\377\000E\000j\000e\000r\000c\000i\000c\000i\000o\000\040\0001\0005}{subsection.3.2}% 21
\BOOKMARK [3][-]{subsubsection.3.2.2}{\376\377\000E\000j\000e\000r\000c\000i\000c\000i\000o\000\040\0001\0006}{subsection.3.2}% 22
\BOOKMARK [3][-]{subsubsection.3.2.3}{\376\377\000E\000j\000e\000r\000c\000i\000c\000i\000o\000\040\0001\0007}{subsection.3.2}% 23
\BOOKMARK [1][-]{section.4}{\376\377\000P\000r\000o\000c\000e\000d\000i\000m\000i\000e\000n\000t\000o\000s\000\040\000y\000\040\000F\000u\000n\000c\000i\000o\000n\000e\000s}{}% 24
\BOOKMARK [2][-]{subsection.4.1}{\376\377\000C\000a\000s\000o\000\040\000g\000e\000n\000e\000r\000a\000l\000\040\000B\0002\000\040\000\050\000T\000e\000o\000r\000\355\000a\000\051}{section.4}% 25
\BOOKMARK [2][-]{subsection.4.2}{\376\377\000E\000j\000e\000r\000c\000i\000c\000i\000o\000\040\000P\000r\000a\000c\000t\000i\000c\000a\000\040\000E\000n\000e\000-\000M\000a\000r\000\040\0002\0000\0002\0005}{section.4}% 26
\BOOKMARK [3][-]{subsubsection.4.2.1}{\376\377\000E\000j\000e\000r\000c\000i\000c\000i\000o\000\040\000E\000x\000a\000m\000e\000n\000\040\000E\000n\000e\000-\000M\000a\000r\000\040\0002\0000\0002\0005}{subsection.4.2}% 27
\BOOKMARK [2][-]{subsection.4.3}{\376\377\000E\000j\000e\000r\000c\000i\000c\000i\000o\000s\000\040\000P\000r\000o\000f\000.\000\040\000C\000h\000a\000n\000g}{section.4}% 28
\BOOKMARK [3][-]{subsubsection.4.3.1}{\376\377\000E\000j\000e\000r\000c\000i\000c\000i\000o\000\040\0007\000:\000\040\000C\000o\000r\000r\000e\000c\000c\000i\000\363\000n\000\040\000d\000e\000\040\000l\000l\000a\000m\000a\000d\000a\000s\000\040\000a\000\040\000p\000r\000o\000c\000e\000d\000i\000m\000i\000e\000n\000t\000o\000s\000.\000\040\000E\000u\000c\000l\000i\000d\000e\000s}{subsection.4.3}% 29
\BOOKMARK [3][-]{subsubsection.4.3.2}{\376\377\000E\000j\000e\000r\000c\000i\000c\000i\000o\000\040\0008\000:\000\040\000C\000o\000r\000r\000e\000c\000c\000i\000\363\000n\000\040\000d\000e\000\040\000l\000l\000a\000m\000a\000d\000a\000s\000\040\000a\000\040\000p\000r\000o\000c\000e\000d\000i\000m\000i\000e\000n\000t\000o\000s\000.\000\040\000P\000r\000o\000d\000u\000c\000t\000o\000s\000\040\000N\000o\000t\000a\000b\000l\000e\000s}{subsection.4.3}% 30
\BOOKMARK [2][-]{subsection.4.4}{\376\377\000E\000j\000e\000r\000c\000i\000c\000i\000o\000s\000\040\000T\000a\000r\000e\000a\000\040\0003\000\040\000S\000e\000p\000-\000D\000i\000c\000\040\0002\0000\0001\0003}{section.4}% 31
\BOOKMARK [3][-]{subsubsection.4.4.1}{\376\377\000E\000j\000e\000r\000c\000i\000c\000i\000o\000\040\0001\0002}{subsection.4.4}% 32
\BOOKMARK [3][-]{subsubsection.4.4.2}{\376\377\000E\000j\000e\000r\000c\000i\000c\000i\000o\000\040\0001\0003}{subsection.4.4}% 33
\BOOKMARK [3][-]{subsubsection.4.4.3}{\376\377\000E\000j\000e\000r\000c\000i\000c\000i\000o\000\040\0001\0004}{subsection.4.4}% 34
\BOOKMARK [3][-]{subsubsection.4.4.4}{\376\377\000E\000j\000e\000r\000c\000i\000c\000i\000o\000\040\0001\0008}{subsection.4.4}% 35
